[      96ms] [WARNING] ⚠️ React Router Future Flag Warning: React Router will begin wrapping state updates in `React.startTransition` in v7. You can use the `v7_startTransition` future flag to opt-in early. For more information, see https://reactrouter.com/v6/upgrading/future#v7_starttransition. @ http://localhost:5173/node_modules/.vite/deps/react-router-dom.js?v=0f6d6c4a:4435
[      96ms] [WARNING] ⚠️ React Router Future Flag Warning: Relative route resolution within Splat routes is changing in v7. You can use the `v7_relativeSplatPath` future flag to opt-in early. For more information, see https://reactrouter.com/v6/upgrading/future#v7_relativesplatpath. @ http://localhost:5173/node_modules/.vite/deps/react-router-dom.js?v=0f6d6c4a:4435
[   11486ms] [ERROR] Failed to load resource: the server responded with a status of 404 (Not Found) @ http://localhost:5173/api/user/pay_system?session_id=5K9cQzU11r4a2niAu6I2Jr3lOweQw0Mq:0
[   43121ms] [WARNING] Warning: Missing `Description` or `aria-describedby={undefined}` for {DialogContent}. @ http://localhost:5173/node_modules/.vite/deps/@radix-ui_react-dialog.js?v=0f6d6c4a:1654
[   43123ms] [WARNING] Warning: Missing `Description` or `aria-describedby={undefined}` for {DialogContent}. @ http://localhost:5173/node_modules/.vite/deps/@radix-ui_react-dialog.js?v=0f6d6c4a:1654
[   45633ms] [WARNING] Warning: Missing `Description` or `aria-describedby={undefined}` for {DialogContent}. @ http://localhost:5173/node_modules/.vite/deps/@radix-ui_react-dialog.js?v=0f6d6c4a:1654
[   45634ms] [WARNING] Warning: Missing `Description` or `aria-describedby={undefined}` for {DialogContent}. @ http://localhost:5173/node_modules/.vite/deps/@radix-ui_react-dialog.js?v=0f6d6c4a:1654
[  146820ms] [ERROR] Warning: Encountered two children with the same key, `%s`. Keys should be unique so that components maintain their identity across updates. Non-unique keys may cause children to be duplicated and/or omitted — the behavior is unsupported and could change in a future version.%s platega 
    at div
    at div
    at WalletPage (http://localhost:5173/src/features/wallet/pages/WalletPage.tsx?t=1774639823307:50:20)
    at ProtectedRoute (http://localhost:5173/src/app/Router.tsx?t=1774639823307:74:27)
    at RenderedRoute (http://localhost:5173/node_modules/.vite/deps/react-router-dom.js?v=0f6d6c4a:4131:5)
    at Routes (http://localhost:5173/node_modules/.vite/deps/react-router-dom.js?v=0f6d6c4a:4601:5)
    at Suspense
    at AppRoutes
    at main
    at div
    at Layout (http://localhost:5173/src/app/Layout.tsx:21:26)
    at Router (http://localhost:5173/node_modules/.vite/deps/react-router-dom.js?v=0f6d6c4a:4544:15)
    at BrowserRouter (http://localhost:5173/node_modules/.vite/deps/react-router-dom.js?v=0f6d6c4a:5290:5)
    at ErrorBoundary (http://localhost:5173/src/shared/components/ErrorBoundary.tsx:9:5)
    at ThemeProvider (http://localhost:5173/@fs/Users/qwertyhq/code/wbap_v2/packages/ui/src/components/theme-provider.tsx:25:3)
    at App @ http://localhost:5173/node_modules/.vite/deps/chunk-YGPPOL52.js?v=0f6d6c4a:520
[  146820ms] [ERROR] Warning: Encountered two children with the same key, `%s`. Keys should be unique so that components maintain their identity across updates. Non-unique keys may cause children to be duplicated and/or omitted — the behavior is unsupported and could change in a future version.%s platega 
    at div
    at div
    at WalletPage (http://localhost:5173/src/features/wallet/pages/WalletPage.tsx?t=1774639823307:50:20)
    at ProtectedRoute (http://localhost:5173/src/app/Router.tsx?t=1774639823307:74:27)
    at RenderedRoute (http://localhost:5173/node_modules/.vite/deps/react-router-dom.js?v=0f6d6c4a:4131:5)
    at Routes (http://localhost:5173/node_modules/.vite/deps/react-router-dom.js?v=0f6d6c4a:4601:5)
    at Suspense
    at AppRoutes
    at main
    at div
    at Layout (http://localhost:5173/src/app/Layout.tsx:21:26)
    at Router (http://localhost:5173/node_modules/.vite/deps/react-router-dom.js?v=0f6d6c4a:4544:15)
    at BrowserRouter (http://localhost:5173/node_modules/.vite/deps/react-router-dom.js?v=0f6d6c4a:5290:5)
    at ErrorBoundary (http://localhost:5173/src/shared/components/ErrorBoundary.tsx:9:5)
    at ThemeProvider (http://localhost:5173/@fs/Users/qwertyhq/code/wbap_v2/packages/ui/src/components/theme-provider.tsx:25:3)
    at App @ http://localhost:5173/node_modules/.vite/deps/chunk-YGPPOL52.js?v=0f6d6c4a:520
[  147892ms] [ERROR] Warning: Encountered two children with the same key, `%s`. Keys should be unique so that components maintain their identity across updates. Non-unique keys may cause children to be duplicated and/or omitted — the behavior is unsupported and could change in a future version.%s platega 
    at div
    at div
    at WalletPage (http://localhost:5173/src/features/wallet/pages/WalletPage.tsx?t=1774639823307:50:20)
    at ProtectedRoute (http://localhost:5173/src/app/Router.tsx?t=1774639823307:74:27)
    at RenderedRoute (http://localhost:5173/node_modules/.vite/deps/react-router-dom.js?v=0f6d6c4a:4131:5)
    at Routes (http://localhost:5173/node_modules/.vite/deps/react-router-dom.js?v=0f6d6c4a:4601:5)
    at Suspense
    at AppRoutes
    at main
    at div
    at Layout (http://localhost:5173/src/app/Layout.tsx:21:26)
    at Router (http://localhost:5173/node_modules/.vite/deps/react-router-dom.js?v=0f6d6c4a:4544:15)
    at BrowserRouter (http://localhost:5173/node_modules/.vite/deps/react-router-dom.js?v=0f6d6c4a:5290:5)
    at ErrorBoundary (http://localhost:5173/src/shared/components/ErrorBoundary.tsx:9:5)
    at ThemeProvider (http://localhost:5173/@fs/Users/qwertyhq/code/wbap_v2/packages/ui/src/components/theme-provider.tsx:25:3)
    at App @ http://localhost:5173/node_modules/.vite/deps/chunk-YGPPOL52.js?v=0f6d6c4a:520
[  147892ms] [ERROR] Warning: Encountered two children with the same key, `%s`. Keys should be unique so that components maintain their identity across updates. Non-unique keys may cause children to be duplicated and/or omitted — the behavior is unsupported and could change in a future version.%s platega 
    at div
    at div
    at WalletPage (http://localhost:5173/src/features/wallet/pages/WalletPage.tsx?t=1774639823307:50:20)
    at ProtectedRoute (http://localhost:5173/src/app/Router.tsx?t=1774639823307:74:27)
    at RenderedRoute (http://localhost:5173/node_modules/.vite/deps/react-router-dom.js?v=0f6d6c4a:4131:5)
    at Routes (http://localhost:5173/node_modules/.vite/deps/react-router-dom.js?v=0f6d6c4a:4601:5)
    at Suspense
    at AppRoutes
    at main
    at div
    at Layout (http://localhost:5173/src/app/Layout.tsx:21:26)
    at Router (http://localhost:5173/node_modules/.vite/deps/react-router-dom.js?v=0f6d6c4a:4544:15)
    at BrowserRouter (http://localhost:5173/node_modules/.vite/deps/react-router-dom.js?v=0f6d6c4a:5290:5)
    at ErrorBoundary (http://localhost:5173/src/shared/components/ErrorBoundary.tsx:9:5)
    at ThemeProvider (http://localhost:5173/@fs/Users/qwertyhq/code/wbap_v2/packages/ui/src/components/theme-provider.tsx:25:3)
    at App @ http://localhost:5173/node_modules/.vite/deps/chunk-YGPPOL52.js?v=0f6d6c4a:520
[  150181ms] [ERROR] Warning: Encountered two children with the same key, `%s`. Keys should be unique so that components maintain their identity across updates. Non-unique keys may cause children to be duplicated and/or omitted — the behavior is unsupported and could change in a future version.%s platega 
    at div
    at div
    at WalletPage (http://localhost:5173/src/features/wallet/pages/WalletPage.tsx?t=1774639823307:50:20)
    at ProtectedRoute (http://localhost:5173/src/app/Router.tsx?t=1774639823307:74:27)
    at RenderedRoute (http://localhost:5173/node_modules/.vite/deps/react-router-dom.js?v=0f6d6c4a:4131:5)
    at Routes (http://localhost:5173/node_modules/.vite/deps/react-router-dom.js?v=0f6d6c4a:4601:5)
    at Suspense
    at AppRoutes
    at main
    at div
    at Layout (http://localhost:5173/src/app/Layout.tsx:21:26)
    at Router (http://localhost:5173/node_modules/.vite/deps/react-router-dom.js?v=0f6d6c4a:4544:15)
    at BrowserRouter (http://localhost:5173/node_modules/.vite/deps/react-router-dom.js?v=0f6d6c4a:5290:5)
    at ErrorBoundary (http://localhost:5173/src/shared/components/ErrorBoundary.tsx:9:5)
    at ThemeProvider (http://localhost:5173/@fs/Users/qwertyhq/code/wbap_v2/packages/ui/src/components/theme-provider.tsx:25:3)
    at App @ http://localhost:5173/node_modules/.vite/deps/chunk-YGPPOL52.js?v=0f6d6c4a:520
[  150181ms] [ERROR] Warning: Encountered two children with the same key, `%s`. Keys should be unique so that components maintain their identity across updates. Non-unique keys may cause children to be duplicated and/or omitted — the behavior is unsupported and could change in a future version.%s platega 
    at div
    at div
    at WalletPage (http://localhost:5173/src/features/wallet/pages/WalletPage.tsx?t=1774639823307:50:20)
    at ProtectedRoute (http://localhost:5173/src/app/Router.tsx?t=1774639823307:74:27)
    at RenderedRoute (http://localhost:5173/node_modules/.vite/deps/react-router-dom.js?v=0f6d6c4a:4131:5)
    at Routes (http://localhost:5173/node_modules/.vite/deps/react-router-dom.js?v=0f6d6c4a:4601:5)
    at Suspense
    at AppRoutes
    at main
    at div
    at Layout (http://localhost:5173/src/app/Layout.tsx:21:26)
    at Router (http://localhost:5173/node_modules/.vite/deps/react-router-dom.js?v=0f6d6c4a:4544:15)
    at BrowserRouter (http://localhost:5173/node_modules/.vite/deps/react-router-dom.js?v=0f6d6c4a:5290:5)
    at ErrorBoundary (http://localhost:5173/src/shared/components/ErrorBoundary.tsx:9:5)
    at ThemeProvider (http://localhost:5173/@fs/Users/qwertyhq/code/wbap_v2/packages/ui/src/components/theme-provider.tsx:25:3)
    at App @ http://localhost:5173/node_modules/.vite/deps/chunk-YGPPOL52.js?v=0f6d6c4a:520
[  151630ms] [ERROR] Warning: Encountered two children with the same key, `%s`. Keys should be unique so that components maintain their identity across updates. Non-unique keys may cause children to be duplicated and/or omitted — the behavior is unsupported and could change in a future version.%s platega 
    at div
    at div
    at WalletPage (http://localhost:5173/src/features/wallet/pages/WalletPage.tsx?t=1774639823307:50:20)
    at ProtectedRoute (http://localhost:5173/src/app/Router.tsx?t=1774639823307:74:27)
    at RenderedRoute (http://localhost:5173/node_modules/.vite/deps/react-router-dom.js?v=0f6d6c4a:4131:5)
    at Routes (http://localhost:5173/node_modules/.vite/deps/react-router-dom.js?v=0f6d6c4a:4601:5)
    at Suspense
    at AppRoutes
    at main
    at div
    at Layout (http://localhost:5173/src/app/Layout.tsx:21:26)
    at Router (http://localhost:5173/node_modules/.vite/deps/react-router-dom.js?v=0f6d6c4a:4544:15)
    at BrowserRouter (http://localhost:5173/node_modules/.vite/deps/react-router-dom.js?v=0f6d6c4a:5290:5)
    at ErrorBoundary (http://localhost:5173/src/shared/components/ErrorBoundary.tsx:9:5)
    at ThemeProvider (http://localhost:5173/@fs/Users/qwertyhq/code/wbap_v2/packages/ui/src/components/theme-provider.tsx:25:3)
    at App @ http://localhost:5173/node_modules/.vite/deps/chunk-YGPPOL52.js?v=0f6d6c4a:520
[  151630ms] [ERROR] Warning: Encountered two children with the same key, `%s`. Keys should be unique so that components maintain their identity across updates. Non-unique keys may cause children to be duplicated and/or omitted — the behavior is unsupported and could change in a future version.%s platega 
    at div
    at div
    at WalletPage (http://localhost:5173/src/features/wallet/pages/WalletPage.tsx?t=1774639823307:50:20)
    at ProtectedRoute (http://localhost:5173/src/app/Router.tsx?t=1774639823307:74:27)
    at RenderedRoute (http://localhost:5173/node_modules/.vite/deps/react-router-dom.js?v=0f6d6c4a:4131:5)
    at Routes (http://localhost:5173/node_modules/.vite/deps/react-router-dom.js?v=0f6d6c4a:4601:5)
    at Suspense
    at AppRoutes
    at main
    at div
    at Layout (http://localhost:5173/src/app/Layout.tsx:21:26)
    at Router (http://localhost:5173/node_modules/.vite/deps/react-router-dom.js?v=0f6d6c4a:4544:15)
    at BrowserRouter (http://localhost:5173/node_modules/.vite/deps/react-router-dom.js?v=0f6d6c4a:5290:5)
    at ErrorBoundary (http://localhost:5173/src/shared/components/ErrorBoundary.tsx:9:5)
    at ThemeProvider (http://localhost:5173/@fs/Users/qwertyhq/code/wbap_v2/packages/ui/src/components/theme-provider.tsx:25:3)
    at App @ http://localhost:5173/node_modules/.vite/deps/chunk-YGPPOL52.js?v=0f6d6c4a:520
[  152320ms] [ERROR] Warning: Encountered two children with the same key, `%s`. Keys should be unique so that components maintain their identity across updates. Non-unique keys may cause children to be duplicated and/or omitted — the behavior is unsupported and could change in a future version.%s platega 
    at div
    at div
    at WalletPage (http://localhost:5173/src/features/wallet/pages/WalletPage.tsx?t=1774639823307:50:20)
    at ProtectedRoute (http://localhost:5173/src/app/Router.tsx?t=1774639823307:74:27)
    at RenderedRoute (http://localhost:5173/node_modules/.vite/deps/react-router-dom.js?v=0f6d6c4a:4131:5)
    at Routes (http://localhost:5173/node_modules/.vite/deps/react-router-dom.js?v=0f6d6c4a:4601:5)
    at Suspense
    at AppRoutes
    at main
    at div
    at Layout (http://localhost:5173/src/app/Layout.tsx:21:26)
    at Router (http://localhost:5173/node_modules/.vite/deps/react-router-dom.js?v=0f6d6c4a:4544:15)
    at BrowserRouter (http://localhost:5173/node_modules/.vite/deps/react-router-dom.js?v=0f6d6c4a:5290:5)
    at ErrorBoundary (http://localhost:5173/src/shared/components/ErrorBoundary.tsx:9:5)
    at ThemeProvider (http://localhost:5173/@fs/Users/qwertyhq/code/wbap_v2/packages/ui/src/components/theme-provider.tsx:25:3)
    at App @ http://localhost:5173/node_modules/.vite/deps/chunk-YGPPOL52.js?v=0f6d6c4a:520
[  152320ms] [ERROR] Warning: Encountered two children with the same key, `%s`. Keys should be unique so that components maintain their identity across updates. Non-unique keys may cause children to be duplicated and/or omitted — the behavior is unsupported and could change in a future version.%s platega 
    at div
    at div
    at WalletPage (http://localhost:5173/src/features/wallet/pages/WalletPage.tsx?t=1774639823307:50:20)
    at ProtectedRoute (http://localhost:5173/src/app/Router.tsx?t=1774639823307:74:27)
    at RenderedRoute (http://localhost:5173/node_modules/.vite/deps/react-router-dom.js?v=0f6d6c4a:4131:5)
    at Routes (http://localhost:5173/node_modules/.vite/deps/react-router-dom.js?v=0f6d6c4a:4601:5)
    at Suspense
    at AppRoutes
    at main
    at div
    at Layout (http://localhost:5173/src/app/Layout.tsx:21:26)
    at Router (http://localhost:5173/node_modules/.vite/deps/react-router-dom.js?v=0f6d6c4a:4544:15)
    at BrowserRouter (http://localhost:5173/node_modules/.vite/deps/react-router-dom.js?v=0f6d6c4a:5290:5)
    at ErrorBoundary (http://localhost:5173/src/shared/components/ErrorBoundary.tsx:9:5)
    at ThemeProvider (http://localhost:5173/@fs/Users/qwertyhq/code/wbap_v2/packages/ui/src/components/theme-provider.tsx:25:3)
    at App @ http://localhost:5173/node_modules/.vite/deps/chunk-YGPPOL52.js?v=0f6d6c4a:520
[  152777ms] [ERROR] Warning: Encountered two children with the same key, `%s`. Keys should be unique so that components maintain their identity across updates. Non-unique keys may cause children to be duplicated and/or omitted — the behavior is unsupported and could change in a future version.%s platega 
    at div
    at div
    at WalletPage (http://localhost:5173/src/features/wallet/pages/WalletPage.tsx?t=1774639823307:50:20)
    at ProtectedRoute (http://localhost:5173/src/app/Router.tsx?t=1774639823307:74:27)
    at RenderedRoute (http://localhost:5173/node_modules/.vite/deps/react-router-dom.js?v=0f6d6c4a:4131:5)
    at Routes (http://localhost:5173/node_modules/.vite/deps/react-router-dom.js?v=0f6d6c4a:4601:5)
    at Suspense
    at AppRoutes
    at main
    at div
    at Layout (http://localhost:5173/src/app/Layout.tsx:21:26)
    at Router (http://localhost:5173/node_modules/.vite/deps/react-router-dom.js?v=0f6d6c4a:4544:15)
    at BrowserRouter (http://localhost:5173/node_modules/.vite/deps/react-router-dom.js?v=0f6d6c4a:5290:5)
    at ErrorBoundary (http://localhost:5173/src/shared/components/ErrorBoundary.tsx:9:5)
    at ThemeProvider (http://localhost:5173/@fs/Users/qwertyhq/code/wbap_v2/packages/ui/src/components/theme-provider.tsx:25:3)
    at App @ http://localhost:5173/node_modules/.vite/deps/chunk-YGPPOL52.js?v=0f6d6c4a:520
[  152778ms] [ERROR] Warning: Encountered two children with the same key, `%s`. Keys should be unique so that components maintain their identity across updates. Non-unique keys may cause children to be duplicated and/or omitted — the behavior is unsupported and could change in a future version.%s platega 
    at div
    at div
    at WalletPage (http://localhost:5173/src/features/wallet/pages/WalletPage.tsx?t=1774639823307:50:20)
    at ProtectedRoute (http://localhost:5173/src/app/Router.tsx?t=1774639823307:74:27)
    at RenderedRoute (http://localhost:5173/node_modules/.vite/deps/react-router-dom.js?v=0f6d6c4a:4131:5)
    at Routes (http://localhost:5173/node_modules/.vite/deps/react-router-dom.js?v=0f6d6c4a:4601:5)
    at Suspense
    at AppRoutes
    at main
    at div
    at Layout (http://localhost:5173/src/app/Layout.tsx:21:26)
    at Router (http://localhost:5173/node_modules/.vite/deps/react-router-dom.js?v=0f6d6c4a:4544:15)
    at BrowserRouter (http://localhost:5173/node_modules/.vite/deps/react-router-dom.js?v=0f6d6c4a:5290:5)
    at ErrorBoundary (http://localhost:5173/src/shared/components/ErrorBoundary.tsx:9:5)
    at ThemeProvider (http://localhost:5173/@fs/Users/qwertyhq/code/wbap_v2/packages/ui/src/components/theme-provider.tsx:25:3)
    at App @ http://localhost:5173/node_modules/.vite/deps/chunk-YGPPOL52.js?v=0f6d6c4a:520
[  167037ms] [WARNING] ⚠️ React Router Future Flag Warning: React Router will begin wrapping state updates in `React.startTransition` in v7. You can use the `v7_startTransition` future flag to opt-in early. For more information, see https://reactrouter.com/v6/upgrading/future#v7_starttransition. @ http://localhost:5173/node_modules/.vite/deps/react-router-dom.js?v=0f6d6c4a:4435
[  167037ms] [WARNING] ⚠️ React Router Future Flag Warning: Relative route resolution within Splat routes is changing in v7. You can use the `v7_relativeSplatPath` future flag to opt-in early. For more information, see https://reactrouter.com/v6/upgrading/future#v7_relativesplatpath. @ http://localhost:5173/node_modules/.vite/deps/react-router-dom.js?v=0f6d6c4a:4435
[  170047ms] [WARNING] ⚠️ React Router Future Flag Warning: React Router will begin wrapping state updates in `React.startTransition` in v7. You can use the `v7_startTransition` future flag to opt-in early. For more information, see https://reactrouter.com/v6/upgrading/future#v7_starttransition. @ http://localhost:5173/node_modules/.vite/deps/react-router-dom.js?v=0f6d6c4a:4435
[  170047ms] [WARNING] ⚠️ React Router Future Flag Warning: Relative route resolution within Splat routes is changing in v7. You can use the `v7_relativeSplatPath` future flag to opt-in early. For more information, see https://reactrouter.com/v6/upgrading/future#v7_relativesplatpath. @ http://localhost:5173/node_modules/.vite/deps/react-router-dom.js?v=0f6d6c4a:4435
[  341115ms] [ERROR] WebSocket connection to 'ws://localhost:5173/?token=b32-a8zdRxuh' failed:  @ http://localhost:5173/@vite/client:801
[  341266ms] [ERROR] WebSocket connection to 'ws://localhost:5173/' failed: Error in connection establishment: net::ERR_CONNECTION_REFUSED @ http://localhost:5173/@vite/client:1034
[  343127ms] [WARNING] ⚠️ React Router Future Flag Warning: React Router will begin wrapping state updates in `React.startTransition` in v7. You can use the `v7_startTransition` future flag to opt-in early. For more information, see https://reactrouter.com/v6/upgrading/future#v7_starttransition. @ http://localhost:5173/node_modules/.vite/deps/react-router-dom.js?v=0f6d6c4a:4435
[  343127ms] [WARNING] ⚠️ React Router Future Flag Warning: Relative route resolution within Splat routes is changing in v7. You can use the `v7_relativeSplatPath` future flag to opt-in early. For more information, see https://reactrouter.com/v6/upgrading/future#v7_relativesplatpath. @ http://localhost:5173/node_modules/.vite/deps/react-router-dom.js?v=0f6d6c4a:4435
