[     657ms] [ERROR] Failed to load resource: the server responded with a status of 404 (Not Found) @ http://localhost:42424/api/announcements/reads:0
[    3027ms] [ERROR] Failed to load resource: net::ERR_CONNECTION_CLOSED @ https://support.z-hq.com/widget.css:0
[    8402ms] [WARNING] The resource https://support.z-hq.com/widget.css was preloaded using link preload but not used within a few seconds from the window's load event. Please make sure it has an appropriate `as` value and it is preloaded intentionally. @ http://localhost:42424/:0
[   13403ms] [WARNING] The resource https://support.z-hq.com/widget.css was preloaded using link preload but not used within a few seconds from the window's load event. Please make sure it has an appropriate `as` value and it is preloaded intentionally. @ http://localhost:42424/login:0
[   18416ms] [WARNING] The resource https://support.z-hq.com/widget.css was preloaded using link preload but not used within a few seconds from the window's load event. Please make sure it has an appropriate `as` value and it is preloaded intentionally. @ http://localhost:42424/login:0
[   23402ms] [WARNING] The resource https://support.z-hq.com/widget.css was preloaded using link preload but not used within a few seconds from the window's load event. Please make sure it has an appropriate `as` value and it is preloaded intentionally. @ http://localhost:42424/login:0
[   28399ms] [WARNING] The resource https://support.z-hq.com/widget.css was preloaded using link preload but not used within a few seconds from the window's load event. Please make sure it has an appropriate `as` value and it is preloaded intentionally. @ http://localhost:42424/login:0
[   33405ms] [WARNING] The resource https://support.z-hq.com/widget.css was preloaded using link preload but not used within a few seconds from the window's load event. Please make sure it has an appropriate `as` value and it is preloaded intentionally. @ http://localhost:42424/login:0
[   38399ms] [WARNING] The resource https://support.z-hq.com/widget.css was preloaded using link preload but not used within a few seconds from the window's load event. Please make sure it has an appropriate `as` value and it is preloaded intentionally. @ http://localhost:42424/login:0
[   43403ms] [WARNING] The resource https://support.z-hq.com/widget.css was preloaded using link preload but not used within a few seconds from the window's load event. Please make sure it has an appropriate `as` value and it is preloaded intentionally. @ http://localhost:42424/login:0
[   48403ms] [WARNING] The resource https://support.z-hq.com/widget.css was preloaded using link preload but not used within a few seconds from the window's load event. Please make sure it has an appropriate `as` value and it is preloaded intentionally. @ http://localhost:42424/login:0
[   53407ms] [WARNING] The resource https://support.z-hq.com/widget.css was preloaded using link preload but not used within a few seconds from the window's load event. Please make sure it has an appropriate `as` value and it is preloaded intentionally. @ http://localhost:42424/login:0
[   58401ms] [WARNING] The resource https://support.z-hq.com/widget.css was preloaded using link preload but not used within a few seconds from the window's load event. Please make sure it has an appropriate `as` value and it is preloaded intentionally. @ http://localhost:42424/login:0
[   63406ms] [WARNING] The resource https://support.z-hq.com/widget.css was preloaded using link preload but not used within a few seconds from the window's load event. Please make sure it has an appropriate `as` value and it is preloaded intentionally. @ http://localhost:42424/login:0
[   68396ms] [WARNING] The resource https://support.z-hq.com/widget.css was preloaded using link preload but not used within a few seconds from the window's load event. Please make sure it has an appropriate `as` value and it is preloaded intentionally. @ http://localhost:42424/login:0
[   73402ms] [WARNING] The resource https://support.z-hq.com/widget.css was preloaded using link preload but not used within a few seconds from the window's load event. Please make sure it has an appropriate `as` value and it is preloaded intentionally. @ http://localhost:42424/login:0
[   78410ms] [WARNING] The resource https://support.z-hq.com/widget.css was preloaded using link preload but not used within a few seconds from the window's load event. Please make sure it has an appropriate `as` value and it is preloaded intentionally. @ http://localhost:42424/login:0
[   83397ms] [WARNING] The resource https://support.z-hq.com/widget.css was preloaded using link preload but not used within a few seconds from the window's load event. Please make sure it has an appropriate `as` value and it is preloaded intentionally. @ http://localhost:42424/login:0
[   88399ms] [WARNING] The resource https://support.z-hq.com/widget.css was preloaded using link preload but not used within a few seconds from the window's load event. Please make sure it has an appropriate `as` value and it is preloaded intentionally. @ http://localhost:42424/login:0
[   90396ms] [ERROR] Failed to load resource: net::ERR_CONNECTION_REFUSED @ http://localhost:42424/api/announcements:0
[   93397ms] [WARNING] The resource https://support.z-hq.com/widget.css was preloaded using link preload but not used within a few seconds from the window's load event. Please make sure it has an appropriate `as` value and it is preloaded intentionally. @ http://localhost:42424/login:0
[   95395ms] [ERROR] Failed to load resource: net::ERR_CONNECTION_REFUSED @ http://localhost:42424/api/announcements:0
[   98396ms] [WARNING] The resource https://support.z-hq.com/widget.css was preloaded using link preload but not used within a few seconds from the window's load event. Please make sure it has an appropriate `as` value and it is preloaded intentionally. @ http://localhost:42424/login:0
[  100391ms] [ERROR] Failed to load resource: net::ERR_CONNECTION_REFUSED @ http://localhost:42424/api/announcements:0
[  103392ms] [WARNING] The resource https://support.z-hq.com/widget.css was preloaded using link preload but not used within a few seconds from the window's load event. Please make sure it has an appropriate `as` value and it is preloaded intentionally. @ http://localhost:42424/login:0
[  105399ms] [ERROR] Failed to load resource: net::ERR_CONNECTION_REFUSED @ http://localhost:42424/api/announcements:0
[  108399ms] [WARNING] The resource https://support.z-hq.com/widget.css was preloaded using link preload but not used within a few seconds from the window's load event. Please make sure it has an appropriate `as` value and it is preloaded intentionally. @ http://localhost:42424/login:0
[  110398ms] [ERROR] Failed to load resource: net::ERR_CONNECTION_REFUSED @ http://localhost:42424/api/announcements:0
[  113399ms] [WARNING] The resource https://support.z-hq.com/widget.css was preloaded using link preload but not used within a few seconds from the window's load event. Please make sure it has an appropriate `as` value and it is preloaded intentionally. @ http://localhost:42424/login:0
[  115398ms] [ERROR] Failed to load resource: net::ERR_CONNECTION_REFUSED @ http://localhost:42424/api/announcements:0
[  118399ms] [WARNING] The resource https://support.z-hq.com/widget.css was preloaded using link preload but not used within a few seconds from the window's load event. Please make sure it has an appropriate `as` value and it is preloaded intentionally. @ http://localhost:42424/login:0
[  120396ms] [ERROR] Failed to load resource: net::ERR_CONNECTION_REFUSED @ http://localhost:42424/api/announcements:0
[  123396ms] [WARNING] The resource https://support.z-hq.com/widget.css was preloaded using link preload but not used within a few seconds from the window's load event. Please make sure it has an appropriate `as` value and it is preloaded intentionally. @ http://localhost:42424/login:0
[  125392ms] [ERROR] Failed to load resource: net::ERR_CONNECTION_REFUSED @ http://localhost:42424/api/announcements:0
[  128393ms] [WARNING] The resource https://support.z-hq.com/widget.css was preloaded using link preload but not used within a few seconds from the window's load event. Please make sure it has an appropriate `as` value and it is preloaded intentionally. @ http://localhost:42424/login:0
[  130399ms] [ERROR] Failed to load resource: net::ERR_CONNECTION_REFUSED @ http://localhost:42424/api/announcements:0
[  133400ms] [WARNING] The resource https://support.z-hq.com/widget.css was preloaded using link preload but not used within a few seconds from the window's load event. Please make sure it has an appropriate `as` value and it is preloaded intentionally. @ http://localhost:42424/login:0
[  135399ms] [ERROR] Failed to load resource: net::ERR_CONNECTION_REFUSED @ http://localhost:42424/api/announcements:0
[  138400ms] [WARNING] The resource https://support.z-hq.com/widget.css was preloaded using link preload but not used within a few seconds from the window's load event. Please make sure it has an appropriate `as` value and it is preloaded intentionally. @ http://localhost:42424/login:0
[  140398ms] [ERROR] Failed to load resource: net::ERR_CONNECTION_REFUSED @ http://localhost:42424/api/announcements:0
[  143399ms] [WARNING] The resource https://support.z-hq.com/widget.css was preloaded using link preload but not used within a few seconds from the window's load event. Please make sure it has an appropriate `as` value and it is preloaded intentionally. @ http://localhost:42424/login:0
[  145396ms] [ERROR] Failed to load resource: net::ERR_CONNECTION_REFUSED @ http://localhost:42424/api/announcements:0
[  148397ms] [WARNING] The resource https://support.z-hq.com/widget.css was preloaded using link preload but not used within a few seconds from the window's load event. Please make sure it has an appropriate `as` value and it is preloaded intentionally. @ http://localhost:42424/login:0
[  150402ms] [ERROR] Failed to load resource: net::ERR_CONNECTION_REFUSED @ http://localhost:42424/api/announcements:0
[  153403ms] [WARNING] The resource https://support.z-hq.com/widget.css was preloaded using link preload but not used within a few seconds from the window's load event. Please make sure it has an appropriate `as` value and it is preloaded intentionally. @ http://localhost:42424/login:0
[  155399ms] [ERROR] Failed to load resource: net::ERR_CONNECTION_REFUSED @ http://localhost:42424/api/announcements:0
[  158399ms] [WARNING] The resource https://support.z-hq.com/widget.css was preloaded using link preload but not used within a few seconds from the window's load event. Please make sure it has an appropriate `as` value and it is preloaded intentionally. @ http://localhost:42424/login:0
[  160400ms] [ERROR] Failed to load resource: net::ERR_CONNECTION_REFUSED @ http://localhost:42424/api/announcements:0
[  163401ms] [WARNING] The resource https://support.z-hq.com/widget.css was preloaded using link preload but not used within a few seconds from the window's load event. Please make sure it has an appropriate `as` value and it is preloaded intentionally. @ http://localhost:42424/login:0
[  165391ms] [ERROR] Failed to load resource: net::ERR_CONNECTION_REFUSED @ http://localhost:42424/api/announcements:0
[  168393ms] [WARNING] The resource https://support.z-hq.com/widget.css was preloaded using link preload but not used within a few seconds from the window's load event. Please make sure it has an appropriate `as` value and it is preloaded intentionally. @ http://localhost:42424/login:0
[  170399ms] [ERROR] Failed to load resource: net::ERR_CONNECTION_REFUSED @ http://localhost:42424/api/announcements:0
[  173399ms] [WARNING] The resource https://support.z-hq.com/widget.css was preloaded using link preload but not used within a few seconds from the window's load event. Please make sure it has an appropriate `as` value and it is preloaded intentionally. @ http://localhost:42424/login:0
[  175399ms] [ERROR] Failed to load resource: net::ERR_CONNECTION_REFUSED @ http://localhost:42424/api/announcements:0
[  178400ms] [WARNING] The resource https://support.z-hq.com/widget.css was preloaded using link preload but not used within a few seconds from the window's load event. Please make sure it has an appropriate `as` value and it is preloaded intentionally. @ http://localhost:42424/login:0
[  180396ms] [ERROR] Failed to load resource: net::ERR_CONNECTION_REFUSED @ http://localhost:42424/api/announcements:0
[  183396ms] [WARNING] The resource https://support.z-hq.com/widget.css was preloaded using link preload but not used within a few seconds from the window's load event. Please make sure it has an appropriate `as` value and it is preloaded intentionally. @ http://localhost:42424/login:0
[  185392ms] [ERROR] Failed to load resource: net::ERR_CONNECTION_REFUSED @ http://localhost:42424/api/announcements:0
[  188393ms] [WARNING] The resource https://support.z-hq.com/widget.css was preloaded using link preload but not used within a few seconds from the window's load event. Please make sure it has an appropriate `as` value and it is preloaded intentionally. @ http://localhost:42424/login:0
[  190395ms] [ERROR] Failed to load resource: net::ERR_CONNECTION_REFUSED @ http://localhost:42424/api/announcements:0
[  193395ms] [WARNING] The resource https://support.z-hq.com/widget.css was preloaded using link preload but not used within a few seconds from the window's load event. Please make sure it has an appropriate `as` value and it is preloaded intentionally. @ http://localhost:42424/login:0
[  195399ms] [ERROR] Failed to load resource: net::ERR_CONNECTION_REFUSED @ http://localhost:42424/api/announcements:0
[  198401ms] [WARNING] The resource https://support.z-hq.com/widget.css was preloaded using link preload but not used within a few seconds from the window's load event. Please make sure it has an appropriate `as` value and it is preloaded intentionally. @ http://localhost:42424/login:0
[  200404ms] [ERROR] Failed to load resource: net::ERR_CONNECTION_REFUSED @ http://localhost:42424/api/announcements:0
[  203405ms] [WARNING] The resource https://support.z-hq.com/widget.css was preloaded using link preload but not used within a few seconds from the window's load event. Please make sure it has an appropriate `as` value and it is preloaded intentionally. @ http://localhost:42424/login:0
[  205395ms] [ERROR] Failed to load resource: net::ERR_CONNECTION_REFUSED @ http://localhost:42424/api/announcements:0
[  208397ms] [WARNING] The resource https://support.z-hq.com/widget.css was preloaded using link preload but not used within a few seconds from the window's load event. Please make sure it has an appropriate `as` value and it is preloaded intentionally. @ http://localhost:42424/login:0
[  210402ms] [ERROR] Failed to load resource: net::ERR_CONNECTION_REFUSED @ http://localhost:42424/api/announcements:0
[  213403ms] [WARNING] The resource https://support.z-hq.com/widget.css was preloaded using link preload but not used within a few seconds from the window's load event. Please make sure it has an appropriate `as` value and it is preloaded intentionally. @ http://localhost:42424/login:0
[  215401ms] [ERROR] Failed to load resource: net::ERR_CONNECTION_REFUSED @ http://localhost:42424/api/announcements:0
[  218401ms] [WARNING] The resource https://support.z-hq.com/widget.css was preloaded using link preload but not used within a few seconds from the window's load event. Please make sure it has an appropriate `as` value and it is preloaded intentionally. @ http://localhost:42424/login:0
[  220399ms] [ERROR] Failed to load resource: net::ERR_CONNECTION_REFUSED @ http://localhost:42424/api/announcements:0
[  223399ms] [WARNING] The resource https://support.z-hq.com/widget.css was preloaded using link preload but not used within a few seconds from the window's load event. Please make sure it has an appropriate `as` value and it is preloaded intentionally. @ http://localhost:42424/login:0
[  225399ms] [ERROR] Failed to load resource: net::ERR_CONNECTION_REFUSED @ http://localhost:42424/api/announcements:0
[  228400ms] [WARNING] The resource https://support.z-hq.com/widget.css was preloaded using link preload but not used within a few seconds from the window's load event. Please make sure it has an appropriate `as` value and it is preloaded intentionally. @ http://localhost:42424/login:0
[  230401ms] [ERROR] Failed to load resource: net::ERR_CONNECTION_REFUSED @ http://localhost:42424/api/announcements:0
[  233402ms] [WARNING] The resource https://support.z-hq.com/widget.css was preloaded using link preload but not used within a few seconds from the window's load event. Please make sure it has an appropriate `as` value and it is preloaded intentionally. @ http://localhost:42424/login:0
[  235394ms] [ERROR] Failed to load resource: net::ERR_CONNECTION_REFUSED @ http://localhost:42424/api/announcements:0
[  238395ms] [WARNING] The resource https://support.z-hq.com/widget.css was preloaded using link preload but not used within a few seconds from the window's load event. Please make sure it has an appropriate `as` value and it is preloaded intentionally. @ http://localhost:42424/login:0
[  240399ms] [ERROR] Failed to load resource: net::ERR_CONNECTION_REFUSED @ http://localhost:42424/api/announcements:0
[  243400ms] [WARNING] The resource https://support.z-hq.com/widget.css was preloaded using link preload but not used within a few seconds from the window's load event. Please make sure it has an appropriate `as` value and it is preloaded intentionally. @ http://localhost:42424/login:0
[  245400ms] [ERROR] Failed to load resource: net::ERR_CONNECTION_REFUSED @ http://localhost:42424/api/announcements:0
[  248401ms] [WARNING] The resource https://support.z-hq.com/widget.css was preloaded using link preload but not used within a few seconds from the window's load event. Please make sure it has an appropriate `as` value and it is preloaded intentionally. @ http://localhost:42424/login:0
[  250400ms] [ERROR] Failed to load resource: net::ERR_CONNECTION_REFUSED @ http://localhost:42424/api/announcements:0
[  253401ms] [WARNING] The resource https://support.z-hq.com/widget.css was preloaded using link preload but not used within a few seconds from the window's load event. Please make sure it has an appropriate `as` value and it is preloaded intentionally. @ http://localhost:42424/login:0
[  255394ms] [ERROR] Failed to load resource: net::ERR_CONNECTION_REFUSED @ http://localhost:42424/api/announcements:0
[  258395ms] [WARNING] The resource https://support.z-hq.com/widget.css was preloaded using link preload but not used within a few seconds from the window's load event. Please make sure it has an appropriate `as` value and it is preloaded intentionally. @ http://localhost:42424/login:0
[  260398ms] [ERROR] Failed to load resource: net::ERR_CONNECTION_REFUSED @ http://localhost:42424/api/announcements:0
[  263399ms] [WARNING] The resource https://support.z-hq.com/widget.css was preloaded using link preload but not used within a few seconds from the window's load event. Please make sure it has an appropriate `as` value and it is preloaded intentionally. @ http://localhost:42424/login:0
[  265394ms] [ERROR] Failed to load resource: net::ERR_CONNECTION_REFUSED @ http://localhost:42424/api/announcements:0
[  268395ms] [WARNING] The resource https://support.z-hq.com/widget.css was preloaded using link preload but not used within a few seconds from the window's load event. Please make sure it has an appropriate `as` value and it is preloaded intentionally. @ http://localhost:42424/login:0
[  270402ms] [ERROR] Failed to load resource: net::ERR_CONNECTION_REFUSED @ http://localhost:42424/api/announcements:0
[  273402ms] [WARNING] The resource https://support.z-hq.com/widget.css was preloaded using link preload but not used within a few seconds from the window's load event. Please make sure it has an appropriate `as` value and it is preloaded intentionally. @ http://localhost:42424/login:0
[  275401ms] [ERROR] Failed to load resource: net::ERR_CONNECTION_REFUSED @ http://localhost:42424/api/announcements:0
[  278402ms] [WARNING] The resource https://support.z-hq.com/widget.css was preloaded using link preload but not used within a few seconds from the window's load event. Please make sure it has an appropriate `as` value and it is preloaded intentionally. @ http://localhost:42424/login:0
[  280397ms] [ERROR] Failed to load resource: net::ERR_CONNECTION_REFUSED @ http://localhost:42424/api/announcements:0
[  283398ms] [WARNING] The resource https://support.z-hq.com/widget.css was preloaded using link preload but not used within a few seconds from the window's load event. Please make sure it has an appropriate `as` value and it is preloaded intentionally. @ http://localhost:42424/login:0
[  285393ms] [ERROR] Failed to load resource: net::ERR_CONNECTION_REFUSED @ http://localhost:42424/api/announcements:0
[  288394ms] [WARNING] The resource https://support.z-hq.com/widget.css was preloaded using link preload but not used within a few seconds from the window's load event. Please make sure it has an appropriate `as` value and it is preloaded intentionally. @ http://localhost:42424/login:0
[  290402ms] [ERROR] Failed to load resource: net::ERR_CONNECTION_REFUSED @ http://localhost:42424/api/announcements:0
[  293403ms] [WARNING] The resource https://support.z-hq.com/widget.css was preloaded using link preload but not used within a few seconds from the window's load event. Please make sure it has an appropriate `as` value and it is preloaded intentionally. @ http://localhost:42424/login:0
[  295400ms] [ERROR] Failed to load resource: net::ERR_CONNECTION_REFUSED @ http://localhost:42424/api/announcements:0
[  298400ms] [WARNING] The resource https://support.z-hq.com/widget.css was preloaded using link preload but not used within a few seconds from the window's load event. Please make sure it has an appropriate `as` value and it is preloaded intentionally. @ http://localhost:42424/login:0
[  300400ms] [ERROR] Failed to load resource: net::ERR_CONNECTION_REFUSED @ http://localhost:42424/api/announcements:0
[  303402ms] [WARNING] The resource https://support.z-hq.com/widget.css was preloaded using link preload but not used within a few seconds from the window's load event. Please make sure it has an appropriate `as` value and it is preloaded intentionally. @ http://localhost:42424/login:0
[  305401ms] [ERROR] Failed to load resource: net::ERR_CONNECTION_REFUSED @ http://localhost:42424/api/announcements:0
[  308403ms] [WARNING] The resource https://support.z-hq.com/widget.css was preloaded using link preload but not used within a few seconds from the window's load event. Please make sure it has an appropriate `as` value and it is preloaded intentionally. @ http://localhost:42424/login:0
[  310394ms] [ERROR] Failed to load resource: net::ERR_CONNECTION_REFUSED @ http://localhost:42424/api/announcements:0
[  313395ms] [WARNING] The resource https://support.z-hq.com/widget.css was preloaded using link preload but not used within a few seconds from the window's load event. Please make sure it has an appropriate `as` value and it is preloaded intentionally. @ http://localhost:42424/login:0
[  315398ms] [ERROR] Failed to load resource: net::ERR_CONNECTION_REFUSED @ http://localhost:42424/api/announcements:0
[  318399ms] [WARNING] The resource https://support.z-hq.com/widget.css was preloaded using link preload but not used within a few seconds from the window's load event. Please make sure it has an appropriate `as` value and it is preloaded intentionally. @ http://localhost:42424/login:0
[  320402ms] [ERROR] Failed to load resource: net::ERR_CONNECTION_REFUSED @ http://localhost:42424/api/announcements:0
[  323403ms] [WARNING] The resource https://support.z-hq.com/widget.css was preloaded using link preload but not used within a few seconds from the window's load event. Please make sure it has an appropriate `as` value and it is preloaded intentionally. @ http://localhost:42424/login:0
[  325399ms] [ERROR] Failed to load resource: net::ERR_CONNECTION_REFUSED @ http://localhost:42424/api/announcements:0
[  328400ms] [WARNING] The resource https://support.z-hq.com/widget.css was preloaded using link preload but not used within a few seconds from the window's load event. Please make sure it has an appropriate `as` value and it is preloaded intentionally. @ http://localhost:42424/login:0
[  330398ms] [ERROR] Failed to load resource: net::ERR_CONNECTION_REFUSED @ http://localhost:42424/api/announcements:0
[  333398ms] [WARNING] The resource https://support.z-hq.com/widget.css was preloaded using link preload but not used within a few seconds from the window's load event. Please make sure it has an appropriate `as` value and it is preloaded intentionally. @ http://localhost:42424/login:0
[  335392ms] [ERROR] Failed to load resource: net::ERR_CONNECTION_REFUSED @ http://localhost:42424/api/announcements:0
[  338393ms] [WARNING] The resource https://support.z-hq.com/widget.css was preloaded using link preload but not used within a few seconds from the window's load event. Please make sure it has an appropriate `as` value and it is preloaded intentionally. @ http://localhost:42424/login:0
[  340400ms] [ERROR] Failed to load resource: net::ERR_CONNECTION_REFUSED @ http://localhost:42424/api/announcements:0
[  343401ms] [WARNING] The resource https://support.z-hq.com/widget.css was preloaded using link preload but not used within a few seconds from the window's load event. Please make sure it has an appropriate `as` value and it is preloaded intentionally. @ http://localhost:42424/login:0
[  345400ms] [ERROR] Failed to load resource: net::ERR_CONNECTION_REFUSED @ http://localhost:42424/api/announcements:0
[  348400ms] [WARNING] The resource https://support.z-hq.com/widget.css was preloaded using link preload but not used within a few seconds from the window's load event. Please make sure it has an appropriate `as` value and it is preloaded intentionally. @ http://localhost:42424/login:0
[  350397ms] [ERROR] Failed to load resource: net::ERR_CONNECTION_REFUSED @ http://localhost:42424/api/announcements:0
[  353398ms] [WARNING] The resource https://support.z-hq.com/widget.css was preloaded using link preload but not used within a few seconds from the window's load event. Please make sure it has an appropriate `as` value and it is preloaded intentionally. @ http://localhost:42424/login:0
[  355400ms] [ERROR] Failed to load resource: net::ERR_CONNECTION_REFUSED @ http://localhost:42424/api/announcements:0
[  358401ms] [WARNING] The resource https://support.z-hq.com/widget.css was preloaded using link preload but not used within a few seconds from the window's load event. Please make sure it has an appropriate `as` value and it is preloaded intentionally. @ http://localhost:42424/login:0
[  360401ms] [ERROR] Failed to load resource: net::ERR_CONNECTION_REFUSED @ http://localhost:42424/api/announcements:0
[  363402ms] [WARNING] The resource https://support.z-hq.com/widget.css was preloaded using link preload but not used within a few seconds from the window's load event. Please make sure it has an appropriate `as` value and it is preloaded intentionally. @ http://localhost:42424/login:0
[  365402ms] [ERROR] Failed to load resource: net::ERR_CONNECTION_REFUSED @ http://localhost:42424/api/announcements:0
[  368402ms] [WARNING] The resource https://support.z-hq.com/widget.css was preloaded using link preload but not used within a few seconds from the window's load event. Please make sure it has an appropriate `as` value and it is preloaded intentionally. @ http://localhost:42424/login:0
[  370400ms] [ERROR] Failed to load resource: net::ERR_CONNECTION_REFUSED @ http://localhost:42424/api/announcements:0
[  373401ms] [WARNING] The resource https://support.z-hq.com/widget.css was preloaded using link preload but not used within a few seconds from the window's load event. Please make sure it has an appropriate `as` value and it is preloaded intentionally. @ http://localhost:42424/login:0
[  378403ms] [WARNING] The resource https://support.z-hq.com/widget.css was preloaded using link preload but not used within a few seconds from the window's load event. Please make sure it has an appropriate `as` value and it is preloaded intentionally. @ http://localhost:42424/login:0
[  383406ms] [WARNING] The resource https://support.z-hq.com/widget.css was preloaded using link preload but not used within a few seconds from the window's load event. Please make sure it has an appropriate `as` value and it is preloaded intentionally. @ http://localhost:42424/login:0
[  388403ms] [WARNING] The resource https://support.z-hq.com/widget.css was preloaded using link preload but not used within a few seconds from the window's load event. Please make sure it has an appropriate `as` value and it is preloaded intentionally. @ http://localhost:42424/login:0
[  393402ms] [WARNING] The resource https://support.z-hq.com/widget.css was preloaded using link preload but not used within a few seconds from the window's load event. Please make sure it has an appropriate `as` value and it is preloaded intentionally. @ http://localhost:42424/login:0
[  398408ms] [WARNING] The resource https://support.z-hq.com/widget.css was preloaded using link preload but not used within a few seconds from the window's load event. Please make sure it has an appropriate `as` value and it is preloaded intentionally. @ http://localhost:42424/login:0
[  403402ms] [WARNING] The resource https://support.z-hq.com/widget.css was preloaded using link preload but not used within a few seconds from the window's load event. Please make sure it has an appropriate `as` value and it is preloaded intentionally. @ http://localhost:42424/login:0
[  408401ms] [WARNING] The resource https://support.z-hq.com/widget.css was preloaded using link preload but not used within a few seconds from the window's load event. Please make sure it has an appropriate `as` value and it is preloaded intentionally. @ http://localhost:42424/login:0
[  413401ms] [WARNING] The resource https://support.z-hq.com/widget.css was preloaded using link preload but not used within a few seconds from the window's load event. Please make sure it has an appropriate `as` value and it is preloaded intentionally. @ http://localhost:42424/login:0
[  418404ms] [WARNING] The resource https://support.z-hq.com/widget.css was preloaded using link preload but not used within a few seconds from the window's load event. Please make sure it has an appropriate `as` value and it is preloaded intentionally. @ http://localhost:42424/login:0
[  423402ms] [WARNING] The resource https://support.z-hq.com/widget.css was preloaded using link preload but not used within a few seconds from the window's load event. Please make sure it has an appropriate `as` value and it is preloaded intentionally. @ http://localhost:42424/login:0
[  428397ms] [WARNING] The resource https://support.z-hq.com/widget.css was preloaded using link preload but not used within a few seconds from the window's load event. Please make sure it has an appropriate `as` value and it is preloaded intentionally. @ http://localhost:42424/login:0
[  433403ms] [WARNING] The resource https://support.z-hq.com/widget.css was preloaded using link preload but not used within a few seconds from the window's load event. Please make sure it has an appropriate `as` value and it is preloaded intentionally. @ http://localhost:42424/login:0
[  438399ms] [WARNING] The resource https://support.z-hq.com/widget.css was preloaded using link preload but not used within a few seconds from the window's load event. Please make sure it has an appropriate `as` value and it is preloaded intentionally. @ http://localhost:42424/login:0
[  443404ms] [WARNING] The resource https://support.z-hq.com/widget.css was preloaded using link preload but not used within a few seconds from the window's load event. Please make sure it has an appropriate `as` value and it is preloaded intentionally. @ http://localhost:42424/login:0
[  448412ms] [WARNING] The resource https://support.z-hq.com/widget.css was preloaded using link preload but not used within a few seconds from the window's load event. Please make sure it has an appropriate `as` value and it is preloaded intentionally. @ http://localhost:42424/login:0
[  453404ms] [WARNING] The resource https://support.z-hq.com/widget.css was preloaded using link preload but not used within a few seconds from the window's load event. Please make sure it has an appropriate `as` value and it is preloaded intentionally. @ http://localhost:42424/login:0
[  458396ms] [WARNING] The resource https://support.z-hq.com/widget.css was preloaded using link preload but not used within a few seconds from the window's load event. Please make sure it has an appropriate `as` value and it is preloaded intentionally. @ http://localhost:42424/login:0
[  463408ms] [WARNING] The resource https://support.z-hq.com/widget.css was preloaded using link preload but not used within a few seconds from the window's load event. Please make sure it has an appropriate `as` value and it is preloaded intentionally. @ http://localhost:42424/login:0
[  468396ms] [WARNING] The resource https://support.z-hq.com/widget.css was preloaded using link preload but not used within a few seconds from the window's load event. Please make sure it has an appropriate `as` value and it is preloaded intentionally. @ http://localhost:42424/login:0
[  473403ms] [WARNING] The resource https://support.z-hq.com/widget.css was preloaded using link preload but not used within a few seconds from the window's load event. Please make sure it has an appropriate `as` value and it is preloaded intentionally. @ http://localhost:42424/login:0
[  478405ms] [WARNING] The resource https://support.z-hq.com/widget.css was preloaded using link preload but not used within a few seconds from the window's load event. Please make sure it has an appropriate `as` value and it is preloaded intentionally. @ http://localhost:42424/login:0
[  483402ms] [WARNING] The resource https://support.z-hq.com/widget.css was preloaded using link preload but not used within a few seconds from the window's load event. Please make sure it has an appropriate `as` value and it is preloaded intentionally. @ http://localhost:42424/login:0
[  488403ms] [WARNING] The resource https://support.z-hq.com/widget.css was preloaded using link preload but not used within a few seconds from the window's load event. Please make sure it has an appropriate `as` value and it is preloaded intentionally. @ http://localhost:42424/login:0
[  493406ms] [WARNING] The resource https://support.z-hq.com/widget.css was preloaded using link preload but not used within a few seconds from the window's load event. Please make sure it has an appropriate `as` value and it is preloaded intentionally. @ http://localhost:42424/login:0
[  495393ms] [ERROR] Failed to load resource: net::ERR_CONNECTION_REFUSED @ http://localhost:42424/api/announcements:0
[  498393ms] [WARNING] The resource https://support.z-hq.com/widget.css was preloaded using link preload but not used within a few seconds from the window's load event. Please make sure it has an appropriate `as` value and it is preloaded intentionally. @ http://localhost:42424/login:0
[  500398ms] [ERROR] Failed to load resource: net::ERR_CONNECTION_REFUSED @ http://localhost:42424/api/announcements:0
[  503399ms] [WARNING] The resource https://support.z-hq.com/widget.css was preloaded using link preload but not used within a few seconds from the window's load event. Please make sure it has an appropriate `as` value and it is preloaded intentionally. @ http://localhost:42424/login:0
